<?xml version="1.0" encoding="UTF-8"?>
<testsuite name="com.example.bookshelf.BookshelfApplicationTests" tests="1" skipped="0" failures="0" errors="0" timestamp="2020-05-17T07:47:54" hostname="swat-VirtualBox" time="0.237">
  <properties/>
  <testcase name="contextLoads()" classname="com.example.bookshelf.BookshelfApplicationTests" time="0.237"/>
  <system-out><![CDATA[16:47:51.907 [Test worker] DEBUG org.springframework.test.context.BootstrapUtils - Instantiating CacheAwareContextLoaderDelegate from class [org.springframework.test.context.cache.DefaultCacheAwareContextLoaderDelegate]
16:47:51.930 [Test worker] DEBUG org.springframework.test.context.BootstrapUtils - Instantiating BootstrapContext using constructor [public org.springframework.test.context.support.DefaultBootstrapContext(java.lang.Class,org.springframework.test.context.CacheAwareContextLoaderDelegate)]
16:47:51.973 [Test worker] DEBUG org.springframework.test.context.BootstrapUtils - Instantiating TestContextBootstrapper for test class [com.example.bookshelf.BookshelfApplicationTests] from class [org.springframework.boot.test.context.SpringBootTestContextBootstrapper]
16:47:51.989 [Test worker] INFO org.springframework.boot.test.context.SpringBootTestContextBootstrapper - Neither @ContextConfiguration nor @ContextHierarchy found for test class [com.example.bookshelf.BookshelfApplicationTests], using SpringBootContextLoader
16:47:51.992 [Test worker] DEBUG org.springframework.test.context.support.AbstractContextLoader - Did not detect default resource location for test class [com.example.bookshelf.BookshelfApplicationTests]: class path resource [com/example/bookshelf/BookshelfApplicationTests-context.xml] does not exist
16:47:51.994 [Test worker] DEBUG org.springframework.test.context.support.AbstractContextLoader - Did not detect default resource location for test class [com.example.bookshelf.BookshelfApplicationTests]: class path resource [com/example/bookshelf/BookshelfApplicationTestsContext.groovy] does not exist
16:47:51.994 [Test worker] INFO org.springframework.test.context.support.AbstractContextLoader - Could not detect default resource locations for test class [com.example.bookshelf.BookshelfApplicationTests]: no resource found for suffixes {-context.xml, Context.groovy}.
16:47:51.997 [Test worker] INFO org.springframework.test.context.support.AnnotationConfigContextLoaderUtils - Could not detect default configuration classes for test class [com.example.bookshelf.BookshelfApplicationTests]: BookshelfApplicationTests does not declare any static, non-private, non-final, nested classes annotated with @Configuration.
16:47:52.053 [Test worker] DEBUG org.springframework.test.context.support.ActiveProfilesUtils - Could not find an 'annotation declaring class' for annotation type [org.springframework.test.context.ActiveProfiles] and class [com.example.bookshelf.BookshelfApplicationTests]
16:47:52.124 [Test worker] DEBUG org.springframework.context.annotation.ClassPathScanningCandidateComponentProvider - Identified candidate component class: file [/home/swat/workspace/bookshelf/build/classes/java/main/com/example/bookshelf/BookshelfApplication.class]
16:47:52.126 [Test worker] INFO org.springframework.boot.test.context.SpringBootTestContextBootstrapper - Found @SpringBootConfiguration com.example.bookshelf.BookshelfApplication for test class com.example.bookshelf.BookshelfApplicationTests
16:47:52.212 [Test worker] DEBUG org.springframework.boot.test.context.SpringBootTestContextBootstrapper - @TestExecutionListeners is not present for class [com.example.bookshelf.BookshelfApplicationTests]: using defaults.
16:47:52.213 [Test worker] INFO org.springframework.boot.test.context.SpringBootTestContextBootstrapper - Loaded default TestExecutionListener class names from location [META-INF/spring.factories]: [org.springframework.boot.test.autoconfigure.restdocs.RestDocsTestExecutionListener, org.springframework.boot.test.autoconfigure.web.client.MockRestServiceServerResetTestExecutionListener, org.springframework.boot.test.autoconfigure.web.servlet.MockMvcPrintOnlyOnFailureTestExecutionListener, org.springframework.boot.test.autoconfigure.web.servlet.WebDriverTestExecutionListener, org.springframework.boot.test.mock.mockito.MockitoTestExecutionListener, org.springframework.boot.test.mock.mockito.ResetMocksTestExecutionListener, org.springframework.test.context.web.ServletTestExecutionListener, org.springframework.test.context.support.DirtiesContextBeforeModesTestExecutionListener, org.springframework.test.context.support.DependencyInjectionTestExecutionListener, org.springframework.test.context.support.DirtiesContextTestExecutionListener, org.springframework.test.context.transaction.TransactionalTestExecutionListener, org.springframework.test.context.jdbc.SqlScriptsTestExecutionListener, org.springframework.test.context.event.EventPublishingTestExecutionListener]
16:47:52.222 [Test worker] DEBUG org.springframework.boot.test.context.SpringBootTestContextBootstrapper - Skipping candidate TestExecutionListener [org.springframework.test.context.transaction.TransactionalTestExecutionListener] due to a missing dependency. Specify custom listener classes or make the default listener classes and their required dependencies available. Offending class: [org/springframework/transaction/TransactionDefinition]
16:47:52.223 [Test worker] DEBUG org.springframework.boot.test.context.SpringBootTestContextBootstrapper - Skipping candidate TestExecutionListener [org.springframework.test.context.jdbc.SqlScriptsTestExecutionListener] due to a missing dependency. Specify custom listener classes or make the default listener classes and their required dependencies available. Offending class: [org/springframework/transaction/interceptor/TransactionAttribute]
16:47:52.223 [Test worker] INFO org.springframework.boot.test.context.SpringBootTestContextBootstrapper - Using TestExecutionListeners: [org.springframework.test.context.web.ServletTestExecutionListener@66f6b00c, org.springframework.test.context.support.DirtiesContextBeforeModesTestExecutionListener@5da5893c, org.springframework.boot.test.mock.mockito.MockitoTestExecutionListener@7e79b7bb, org.springframework.boot.test.autoconfigure.SpringBootDependencyInjectionTestExecutionListener@1ed0c838, org.springframework.test.context.support.DirtiesContextTestExecutionListener@4df57d3e, org.springframework.test.context.event.EventPublishingTestExecutionListener@3c68e1d5, org.springframework.boot.test.autoconfigure.restdocs.RestDocsTestExecutionListener@f1f5d8c, org.springframework.boot.test.autoconfigure.web.client.MockRestServiceServerResetTestExecutionListener@1796c55f, org.springframework.boot.test.autoconfigure.web.servlet.MockMvcPrintOnlyOnFailureTestExecutionListener@71ec561e, org.springframework.boot.test.autoconfigure.web.servlet.WebDriverTestExecutionListener@a7177bf, org.springframework.boot.test.mock.mockito.ResetMocksTestExecutionListener@7f77a840]
16:47:52.227 [Test worker] DEBUG org.springframework.test.context.support.AbstractDirtiesContextTestExecutionListener - Before test class: context [DefaultTestContext@7b4c030a testClass = BookshelfApplicationTests, testInstance = [null], testMethod = [null], testException = [null], mergedContextConfiguration = [WebMergedContextConfiguration@45ddd8e testClass = BookshelfApplicationTests, locations = '{}', classes = '{class com.example.bookshelf.BookshelfApplication}', contextInitializerClasses = '[]', activeProfiles = '{}', propertySourceLocations = '{}', propertySourceProperties = '{org.springframework.boot.test.context.SpringBootTestContextBootstrapper=true}', contextCustomizers = set[org.springframework.boot.test.autoconfigure.properties.PropertyMappingContextCustomizer@0, org.springframework.boot.test.autoconfigure.web.servlet.WebDriverContextCustomizerFactory$Customizer@27bd9d2b, org.springframework.boot.test.context.filter.ExcludeFilterContextCustomizer@f00e7d, org.springframework.boot.test.json.DuplicateJsonObjectContextCustomizerFactory$DuplicateJsonObjectContextCustomizer@27ad5e4, org.springframework.boot.test.mock.mockito.MockitoContextCustomizer@0, org.springframework.boot.test.web.client.TestRestTemplateContextCustomizer@5f25f860, org.springframework.boot.test.context.SpringBootTestArgs@1], resourceBasePath = 'src/main/webapp', contextLoader = 'org.springframework.boot.test.context.SpringBootContextLoader', parent = [null]], attributes = map['org.springframework.test.context.web.ServletTestExecutionListener.activateListener' -> true]], class annotated with @DirtiesContext [false] with mode [null].
16:47:52.257 [Test worker] DEBUG org.springframework.test.context.support.TestPropertySourceUtils - Adding inlined properties to environment: {spring.jmx.enabled=false, org.springframework.boot.test.context.SpringBootTestContextBootstrapper=true, server.port=-1}

  .   ____          _            __ _ _
 /\\ / ___'_ __ _ _(_)_ __  __ _ \ \ \ \
( ( )\___ | '_ | '_| | '_ \/ _` | \ \ \ \
 \\/  ___)| |_)| | | | | || (_| |  ) ) ) )
  '  |____| .__|_| |_|_| |_\__, | / / / /
 =========|_|==============|___/=/_/_/_/
 :: Spring Boot ::        (v2.2.7.RELEASE)

2020-05-17 16:47:52.696  INFO 5178 --- [    Test worker] c.e.bookshelf.BookshelfApplicationTests  : Starting BookshelfApplicationTests on swat-VirtualBox with PID 5178 (started by swat in /home/swat/workspace/bookshelf)
2020-05-17 16:47:52.698  INFO 5178 --- [    Test worker] c.e.bookshelf.BookshelfApplicationTests  : No active profile set, falling back to default profiles: default
2020-05-17 16:47:53.880  INFO 5178 --- [    Test worker] o.s.s.concurrent.ThreadPoolTaskExecutor  : Initializing ExecutorService 'applicationTaskExecutor'
2020-05-17 16:47:54.072  INFO 5178 --- [    Test worker] c.e.bookshelf.BookshelfApplicationTests  : Started BookshelfApplicationTests in 1.807 seconds (JVM running for 3.162)
]]></system-out>
  <system-err><![CDATA[]]></system-err>
</testsuite>
